{
  "stats": {
    "suites": 1,
    "tests": 1,
    "passes": 0,
    "pending": 0,
    "failures": 1,
    "start": "2023-04-17T15:08:48.754Z",
    "end": "2023-04-17T15:08:59.395Z",
    "duration": 10641,
    "testsRegistered": 1,
    "passPercent": 0,
    "pendingPercent": 0,
    "other": 0,
    "hasOther": false,
    "skipped": 0,
    "hasSkipped": false
  },
  "results": [
    {
      "uuid": "09c74cc0-b014-4c7c-804f-c9364f2f152d",
      "title": "",
      "fullFile": "cypress/e2e/register.cy.ts",
      "file": "cypress/e2e/register.cy.ts",
      "beforeHooks": [],
      "afterHooks": [],
      "tests": [],
      "suites": [
        {
          "uuid": "b2c00ed6-c3ea-479d-a7c5-db1b501efc27",
          "title": "Register Test",
          "fullFile": "",
          "file": "",
          "beforeHooks": [],
          "afterHooks": [],
          "tests": [
            {
              "title": "should register a new user",
              "fullTitle": "Register Test should register a new user",
              "timedOut": null,
              "duration": 10624,
              "state": "failed",
              "speed": null,
              "pass": false,
              "fail": true,
              "pending": false,
              "context": null,
              "code": "register_page_1.default.visit();\nregister_page_1.default.fillForm(testData.register.firstName, testData.register.lastName, testData.register.address, testData.register.city, testData.register.state, testData.register.zipCode, testData.register.phone, testData.register.ssn, testData.register.username, testData.register.password);\nregister_page_1.default.submitForm();\n// Add any assertions to verify the successful registration, e.g., a successful registration message\ncy.get('#rightPanel > p').should('contain', messages.register.success);",
              "err": {
                "message": "AssertionError: Timed out retrying after 4000ms: expected '<p>' to contain 'Your account was created successfully. You are now logged in.'",
                "estack": "AssertionError: Timed out retrying after 4000ms: expected '<p>' to contain 'Your account was created successfully. You are now logged in.'\n    at Context.eval (webpack://itv-test/./cypress/e2e/register.cy.ts:23:0)",
                "diff": null
              },
              "uuid": "21ea7915-f01b-44d2-ad89-648bd51116aa",
              "parentUUID": "b2c00ed6-c3ea-479d-a7c5-db1b501efc27",
              "isHook": false,
              "skipped": false
            }
          ],
          "suites": [],
          "passes": [],
          "failures": [
            "21ea7915-f01b-44d2-ad89-648bd51116aa"
          ],
          "pending": [],
          "skipped": [],
          "duration": 10624,
          "root": false,
          "rootEmpty": false,
          "_timeout": 2000
        }
      ],
      "passes": [],
      "failures": [],
      "pending": [],
      "skipped": [],
      "duration": 0,
      "root": true,
      "rootEmpty": true,
      "_timeout": 2000
    }
  ],
  "meta": {
    "mocha": {
      "version": "7.0.1"
    },
    "mochawesome": {
      "options": {
        "quiet": true,
        "reportFilename": "mochawesome",
        "saveHtml": false,
        "saveJson": true,
        "consoleReporter": "spec",
        "useInlineDiffs": false,
        "code": true
      },
      "version": "7.1.3"
    },
    "marge": {
      "options": {
        "reportDir": "cypress/results",
        "charts": true,
        "overwrite": false,
        "html": false,
        "json": true,
        "quiet": true
      },
      "version": "6.2.0"
    }
  }
}