{
  "stats": {
    "suites": 1,
    "tests": 1,
    "passes": 0,
    "pending": 0,
    "failures": 1,
    "start": "2023-04-17T15:08:36.196Z",
    "end": "2023-04-17T15:08:44.177Z",
    "duration": 7981,
    "testsRegistered": 1,
    "passPercent": 0,
    "pendingPercent": 0,
    "other": 0,
    "hasOther": false,
    "skipped": 0,
    "hasSkipped": false
  },
  "results": [
    {
      "uuid": "f5d0d97d-71c3-417e-a2f6-96a6334cfd98",
      "title": "",
      "fullFile": "cypress/e2e/logon.cy.ts",
      "file": "cypress/e2e/logon.cy.ts",
      "beforeHooks": [],
      "afterHooks": [],
      "tests": [],
      "suites": [
        {
          "uuid": "f4f4e04b-f791-42ab-9902-285676884ef9",
          "title": "Login Test",
          "fullFile": "",
          "file": "",
          "beforeHooks": [],
          "afterHooks": [],
          "tests": [
            {
              "title": "should log in with valid credentials",
              "fullTitle": "Login Test should log in with valid credentials",
              "timedOut": null,
              "duration": 7951,
              "state": "failed",
              "speed": null,
              "pass": false,
              "fail": true,
              "pending": false,
              "context": null,
              "code": "index_page_1.default.visit();\nindex_page_1.default.fillLoginForm(testData.login.validUser.username, testData.login.validUser.password);\nindex_page_1.default.submitLoginForm();\ncy.get('.smallText').should('contain', 'Welcome ' + testData.login.validUser.fullName);\ncy.get('a[href=\"/parabank/logout.htm\"]').click();",
              "err": {
                "message": "AssertionError: Timed out retrying after 4000ms: Expected to find element: `.smallText`, but never found it.",
                "estack": "AssertionError: Timed out retrying after 4000ms: Expected to find element: `.smallText`, but never found it.\n    at Context.eval (webpack://itv-test/./cypress/e2e/logon.cy.ts:18:0)",
                "diff": null
              },
              "uuid": "e713a9a3-afae-4801-a9c5-7b4fc4bcd65b",
              "parentUUID": "f4f4e04b-f791-42ab-9902-285676884ef9",
              "isHook": false,
              "skipped": false
            }
          ],
          "suites": [],
          "passes": [],
          "failures": [
            "e713a9a3-afae-4801-a9c5-7b4fc4bcd65b"
          ],
          "pending": [],
          "skipped": [],
          "duration": 7951,
          "root": false,
          "rootEmpty": false,
          "_timeout": 2000
        }
      ],
      "passes": [],
      "failures": [],
      "pending": [],
      "skipped": [],
      "duration": 0,
      "root": true,
      "rootEmpty": true,
      "_timeout": 2000
    }
  ],
  "meta": {
    "mocha": {
      "version": "7.0.1"
    },
    "mochawesome": {
      "options": {
        "quiet": true,
        "reportFilename": "mochawesome",
        "saveHtml": false,
        "saveJson": true,
        "consoleReporter": "spec",
        "useInlineDiffs": false,
        "code": true
      },
      "version": "7.1.3"
    },
    "marge": {
      "options": {
        "reportDir": "cypress/results",
        "charts": true,
        "overwrite": false,
        "html": false,
        "json": true,
        "quiet": true
      },
      "version": "6.2.0"
    }
  }
}